<testsuites id="" name="" tests="1" failures="1" skipped="0" errors="0" time="15.325916">
<testsuite name="complete-project-lifecycle.spec.ts" timestamp="2025-11-27T20:17:59.738Z" hostname="chromium" tests="1" failures="1" skipped="0" time="14.171" errors="0">
<testcase name="Complete Project Lifecycle E2E › complete lifecycle: stage → launch → execute → closeout" classname="complete-project-lifecycle.spec.ts" time="14.171">
<failure message="complete-project-lifecycle.spec.ts:63:7 complete lifecycle: stage → launch → execute → closeout" type="FAILURE">
<![CDATA[  [chromium] › complete-project-lifecycle.spec.ts:63:7 › Complete Project Lifecycle E2E › complete lifecycle: stage → launch → execute → closeout 

    Error: expect(locator).toBeVisible() failed

    Locator: locator('[data-testid="stage-project-btn"]')
    Expected: visible
    Timeout: 5000ms
    Error: element(s) not found

    Call log:
      - Expect "toBeVisible" with timeout 5000ms
      - waiting for locator('[data-testid="stage-project-btn"]')


      71 |     // Click "Stage Project" button
      72 |     const stageBtn = page.locator('[data-testid="stage-project-btn"]')
    > 73 |     await expect(stageBtn).toBeVisible()
         |                            ^
      74 |     await expect(stageBtn).toBeEnabled()
      75 |     await stageBtn.click()
      76 |
        at F:\GiljoAI_MCP\frontend\tests\e2e\complete-project-lifecycle.spec.ts:73:28

    attachment #1: screenshot (image/png) ──────────────────────────────────────────────────────────
    ..\..\test-results\complete-project-lifecycle-4be7b-launch-→-execute-→-closeout-chromium\test-failed-1.png
    ────────────────────────────────────────────────────────────────────────────────────────────────

    attachment #2: video (video/webm) ──────────────────────────────────────────────────────────────
    ..\..\test-results\complete-project-lifecycle-4be7b-launch-→-execute-→-closeout-chromium\video.webm
    ────────────────────────────────────────────────────────────────────────────────────────────────

    Error Context: ..\..\test-results\complete-project-lifecycle-4be7b-launch-→-execute-→-closeout-chromium\error-context.md
]]>
</failure>
<system-out>
<![CDATA[[loginAsTestUser] Starting login process...
[loginAsTestUser] Verifying auth cookie was set...
[loginAsTestUser] SUCCESS: Auth cookie verified: {
  name: [32m'access_token'[39m,
  domain: [32m'localhost'[39m,
  path: [32m'/'[39m,
  httpOnly: [33mtrue[39m,
  sameSite: [32m'Lax'[39m,
  secure: [33mfalse[39m,
  valueLength: [33m324[39m
}
[loginAsTestUser] Login successful, current URL: http://localhost:7274/
[navigateToProject] Checking cookies before navigation...
[navigateToProject] Auth cookie found: {
  name: [32m'access_token'[39m,
  domain: [32m'localhost'[39m,
  path: [32m'/'[39m,
  httpOnly: [33mtrue[39m,
  sameSite: [32m'Lax'[39m,
  secure: [33mfalse[39m,
  valueLength: [33m324[39m
}
[navigateToProject] Navigating to: http://localhost:7274/projects/ca8b18a1-6441-45ca-87b9-3c83b54d11bc
[navigateToProject] Intercepted request #1: http://localhost:7272/api/setup/status
[navigateToProject] Intercepted request #2: http://localhost:7274/api/v1/config/frontend
[navigateToProject] Waiting for DefaultLayout auth check...
[navigateToProject] Intercepted request #3: http://localhost:7272/api/setup/status
[navigateToProject] Intercepted request #4: http://localhost:7272/api/v1/products/refresh-active
[navigateToProject] Intercepted request #5: http://localhost:7272/api/auth/me
[navigateToProject] Intercepted request #6: http://localhost:7274/api/auth/me
[navigateToProject] /api/auth/me response: { status: [33m200[39m, statusText: [32m'OK'[39m }
[navigateToProject] Intercepted request #7: http://localhost:7274/api/v1/projects/ca8b18a1-6441-45ca-87b9-3c83b54d11bc/
[navigateToProject] Intercepted request #8: http://localhost:7274/api/v1/projects/ca8b18a1-6441-45ca-87b9-3c83b54d11bc/orchestrator
[navigateToProject] Intercepted request #9: http://localhost:7274/api/agent-jobs/?project_id=ca8b18a1-6441-45ca-87b9-3c83b54d11bc
[navigateToProject] Final URL after navigation: http://localhost:7274/projects/ca8b18a1-6441-45ca-87b9-3c83b54d11bc
[navigateToTab] Checking cookies before navigation...
[navigateToTab] Navigating to: http://localhost:7274/projects/ca8b18a1-6441-45ca-87b9-3c83b54d11bc?tab=launch
[navigateToTab] Final URL: http://localhost:7274/projects/ca8b18a1-6441-45ca-87b9-3c83b54d11bc?tab=launch
[navigateToTab] Checking cookies before navigation...
[navigateToTab] Navigating to: http://localhost:7274/projects/ca8b18a1-6441-45ca-87b9-3c83b54d11bc?tab=launch
[navigateToTab] Final URL: http://localhost:7274/projects/ca8b18a1-6441-45ca-87b9-3c83b54d11bc?tab=launch

[[ATTACHMENT|complete-project-lifecycle-4be7b-launch-→-execute-→-closeout-chromium\test-failed-1.png]]

[[ATTACHMENT|complete-project-lifecycle-4be7b-launch-→-execute-→-closeout-chromium\video.webm]]

[[ATTACHMENT|complete-project-lifecycle-4be7b-launch-→-execute-→-closeout-chromium\error-context.md]]
]]>
</system-out>
</testcase>
</testsuite>
</testsuites>